<?xml version="1.0" encoding="UTF-8"?>
<!-- Generated by org.testng.reporters.JUnitReportReporter -->
<testsuite hostname="LAPTOP-HRS2VRND" failures="0" tests="2" name="com.crm.qa.testcases.LoginTest" time="18.250" errors="0" timestamp="2022-04-22T13:44:37 CDT" skipped="0">
  <testcase classname="com.crm.qa.testcases.LoginTest" name="loginPageTitleTest" time="6.366"/>
  <system-out/>
  <testcase classname="com.crm.qa.testcases.LoginTest" name="loginTest" time="11.884"/>
  <system-out/>
</testsuite> <!-- com.crm.qa.testcases.LoginTest -->
